Determining if the function fcntl exists failed with the following output:
Change Dir: C:/Users/JDSherbert/Documents/_Main/Github/Sherbert-Engine/SherbertEngine_Server/enet-1.3.17/out/build/x64-Debug/CMakeFiles/CMakeTmp

Run Build Command(s):C:/Program Files (x86)/Microsoft Visual Studio/2019/Community/Common7/IDE/CommonExtensions/Microsoft/CMake/Ninja/ninja.exe cmTC_cdfbd && [1/2] Building C object CMakeFiles\cmTC_cdfbd.dir\CheckFunctionExists.c.obj
[2/2] Linking C executable cmTC_cdfbd.exe
FAILED: cmTC_cdfbd.exe 
cmd.exe /C "cd . && "C:\Program Files (x86)\Microsoft Visual Studio\2019\Community\Common7\IDE\CommonExtensions\Microsoft\CMake\CMake\bin\cmake.exe" -E vs_link_exe --intdir=CMakeFiles\cmTC_cdfbd.dir --rc=C:\PROGRA~2\WI3CF2~1\10\bin\100190~1.0\x64\rc.exe --mt=C:\PROGRA~2\WI3CF2~1\10\bin\100190~1.0\x64\mt.exe --manifests  -- C:\PROGRA~2\MICROS~1\2019\COMMUN~1\VC\Tools\MSVC\1429~1.300\bin\Hostx64\x64\link.exe /nologo CMakeFiles\cmTC_cdfbd.dir\CheckFunctionExists.c.obj  /out:cmTC_cdfbd.exe /implib:cmTC_cdfbd.lib /pdb:cmTC_cdfbd.pdb /version:0.0 /machine:x64  /debug /INCREMENTAL /subsystem:console  kernel32.lib user32.lib gdi32.lib winspool.lib shell32.lib ole32.lib oleaut32.lib uuid.lib comdlg32.lib advapi32.lib && cd ."
LINK Pass 1: command "C:\PROGRA~2\MICROS~1\2019\COMMUN~1\VC\Tools\MSVC\1429~1.300\bin\Hostx64\x64\link.exe /nologo CMakeFiles\cmTC_cdfbd.dir\CheckFunctionExists.c.obj /out:cmTC_cdfbd.exe /implib:cmTC_cdfbd.lib /pdb:cmTC_cdfbd.pdb /version:0.0 /machine:x64 /debug /INCREMENTAL /subsystem:console kernel32.lib user32.lib gdi32.lib winspool.lib shell32.lib ole32.lib oleaut32.lib uuid.lib comdlg32.lib advapi32.lib /MANIFEST /MANIFESTFILE:CMakeFiles\cmTC_cdfbd.dir/intermediate.manifest CMakeFiles\cmTC_cdfbd.dir/manifest.res" failed (exit code 1120) with the following output:
CheckFunctionExists.c.obj : error LNK2019: unresolved external symbol fcntl referenced in function main
cmTC_cdfbd.exe : fatal error LNK1120: 1 unresolved externals
ninja: build stopped: subcommand failed.



Determining if the function poll exists failed with the following output:
Change Dir: C:/Users/JDSherbert/Documents/_Main/Github/Sherbert-Engine/SherbertEngine_Server/enet-1.3.17/out/build/x64-Debug/CMakeFiles/CMakeTmp

Run Build Command(s):C:/Program Files (x86)/Microsoft Visual Studio/2019/Community/Common7/IDE/CommonExtensions/Microsoft/CMake/Ninja/ninja.exe cmTC_a6351 && [1/2] Building C object CMakeFiles\cmTC_a6351.dir\CheckFunctionExists.c.obj
[2/2] Linking C executable cmTC_a6351.exe
FAILED: cmTC_a6351.exe 
cmd.exe /C "cd . && "C:\Program Files (x86)\Microsoft Visual Studio\2019\Community\Common7\IDE\CommonExtensions\Microsoft\CMake\CMake\bin\cmake.exe" -E vs_link_exe --intdir=CMakeFiles\cmTC_a6351.dir --rc=C:\PROGRA~2\WI3CF2~1\10\bin\100190~1.0\x64\rc.exe --mt=C:\PROGRA~2\WI3CF2~1\10\bin\100190~1.0\x64\mt.exe --manifests  -- C:\PROGRA~2\MICROS~1\2019\COMMUN~1\VC\Tools\MSVC\1429~1.300\bin\Hostx64\x64\link.exe /nologo CMakeFiles\cmTC_a6351.dir\CheckFunctionExists.c.obj  /out:cmTC_a6351.exe /implib:cmTC_a6351.lib /pdb:cmTC_a6351.pdb /version:0.0 /machine:x64  /debug /INCREMENTAL /subsystem:console  kernel32.lib user32.lib gdi32.lib winspool.lib shell32.lib ole32.lib oleaut32.lib uuid.lib comdlg32.lib advapi32.lib && cd ."
LINK Pass 1: command "C:\PROGRA~2\MICROS~1\2019\COMMUN~1\VC\Tools\MSVC\1429~1.300\bin\Hostx64\x64\link.exe /nologo CMakeFiles\cmTC_a6351.dir\CheckFunctionExists.c.obj /out:cmTC_a6351.exe /implib:cmTC_a6351.lib /pdb:cmTC_a6351.pdb /version:0.0 /machine:x64 /debug /INCREMENTAL /subsystem:console kernel32.lib user32.lib gdi32.lib winspool.lib shell32.lib ole32.lib oleaut32.lib uuid.lib comdlg32.lib advapi32.lib /MANIFEST /MANIFESTFILE:CMakeFiles\cmTC_a6351.dir/intermediate.manifest CMakeFiles\cmTC_a6351.dir/manifest.res" failed (exit code 1120) with the following output:
CheckFunctionExists.c.obj : error LNK2019: unresolved external symbol poll referenced in function main
cmTC_a6351.exe : fatal error LNK1120: 1 unresolved externals
ninja: build stopped: subcommand failed.



Determining if the function getaddrinfo exists failed with the following output:
Change Dir: C:/Users/JDSherbert/Documents/_Main/Github/Sherbert-Engine/SherbertEngine_Server/enet-1.3.17/out/build/x64-Debug/CMakeFiles/CMakeTmp

Run Build Command(s):C:/Program Files (x86)/Microsoft Visual Studio/2019/Community/Common7/IDE/CommonExtensions/Microsoft/CMake/Ninja/ninja.exe cmTC_44f3b && [1/2] Building C object CMakeFiles\cmTC_44f3b.dir\CheckFunctionExists.c.obj
[2/2] Linking C executable cmTC_44f3b.exe
FAILED: cmTC_44f3b.exe 
cmd.exe /C "cd . && "C:\Program Files (x86)\Microsoft Visual Studio\2019\Community\Common7\IDE\CommonExtensions\Microsoft\CMake\CMake\bin\cmake.exe" -E vs_link_exe --intdir=CMakeFiles\cmTC_44f3b.dir --rc=C:\PROGRA~2\WI3CF2~1\10\bin\100190~1.0\x64\rc.exe --mt=C:\PROGRA~2\WI3CF2~1\10\bin\100190~1.0\x64\mt.exe --manifests  -- C:\PROGRA~2\MICROS~1\2019\COMMUN~1\VC\Tools\MSVC\1429~1.300\bin\Hostx64\x64\link.exe /nologo CMakeFiles\cmTC_44f3b.dir\CheckFunctionExists.c.obj  /out:cmTC_44f3b.exe /implib:cmTC_44f3b.lib /pdb:cmTC_44f3b.pdb /version:0.0 /machine:x64  /debug /INCREMENTAL /subsystem:console  kernel32.lib user32.lib gdi32.lib winspool.lib shell32.lib ole32.lib oleaut32.lib uuid.lib comdlg32.lib advapi32.lib && cd ."
LINK Pass 1: command "C:\PROGRA~2\MICROS~1\2019\COMMUN~1\VC\Tools\MSVC\1429~1.300\bin\Hostx64\x64\link.exe /nologo CMakeFiles\cmTC_44f3b.dir\CheckFunctionExists.c.obj /out:cmTC_44f3b.exe /implib:cmTC_44f3b.lib /pdb:cmTC_44f3b.pdb /version:0.0 /machine:x64 /debug /INCREMENTAL /subsystem:console kernel32.lib user32.lib gdi32.lib winspool.lib shell32.lib ole32.lib oleaut32.lib uuid.lib comdlg32.lib advapi32.lib /MANIFEST /MANIFESTFILE:CMakeFiles\cmTC_44f3b.dir/intermediate.manifest CMakeFiles\cmTC_44f3b.dir/manifest.res" failed (exit code 1120) with the following output:
CheckFunctionExists.c.obj : error LNK2019: unresolved external symbol getaddrinfo referenced in function main
cmTC_44f3b.exe : fatal error LNK1120: 1 unresolved externals
ninja: build stopped: subcommand failed.



Determining if the function getnameinfo exists failed with the following output:
Change Dir: C:/Users/JDSherbert/Documents/_Main/Github/Sherbert-Engine/SherbertEngine_Server/enet-1.3.17/out/build/x64-Debug/CMakeFiles/CMakeTmp

Run Build Command(s):C:/Program Files (x86)/Microsoft Visual Studio/2019/Community/Common7/IDE/CommonExtensions/Microsoft/CMake/Ninja/ninja.exe cmTC_777f1 && [1/2] Building C object CMakeFiles\cmTC_777f1.dir\CheckFunctionExists.c.obj
[2/2] Linking C executable cmTC_777f1.exe
FAILED: cmTC_777f1.exe 
cmd.exe /C "cd . && "C:\Program Files (x86)\Microsoft Visual Studio\2019\Community\Common7\IDE\CommonExtensions\Microsoft\CMake\CMake\bin\cmake.exe" -E vs_link_exe --intdir=CMakeFiles\cmTC_777f1.dir --rc=C:\PROGRA~2\WI3CF2~1\10\bin\100190~1.0\x64\rc.exe --mt=C:\PROGRA~2\WI3CF2~1\10\bin\100190~1.0\x64\mt.exe --manifests  -- C:\PROGRA~2\MICROS~1\2019\COMMUN~1\VC\Tools\MSVC\1429~1.300\bin\Hostx64\x64\link.exe /nologo CMakeFiles\cmTC_777f1.dir\CheckFunctionExists.c.obj  /out:cmTC_777f1.exe /implib:cmTC_777f1.lib /pdb:cmTC_777f1.pdb /version:0.0 /machine:x64  /debug /INCREMENTAL /subsystem:console  kernel32.lib user32.lib gdi32.lib winspool.lib shell32.lib ole32.lib oleaut32.lib uuid.lib comdlg32.lib advapi32.lib && cd ."
LINK Pass 1: command "C:\PROGRA~2\MICROS~1\2019\COMMUN~1\VC\Tools\MSVC\1429~1.300\bin\Hostx64\x64\link.exe /nologo CMakeFiles\cmTC_777f1.dir\CheckFunctionExists.c.obj /out:cmTC_777f1.exe /implib:cmTC_777f1.lib /pdb:cmTC_777f1.pdb /version:0.0 /machine:x64 /debug /INCREMENTAL /subsystem:console kernel32.lib user32.lib gdi32.lib winspool.lib shell32.lib ole32.lib oleaut32.lib uuid.lib comdlg32.lib advapi32.lib /MANIFEST /MANIFESTFILE:CMakeFiles\cmTC_777f1.dir/intermediate.manifest CMakeFiles\cmTC_777f1.dir/manifest.res" failed (exit code 1120) with the following output:
CheckFunctionExists.c.obj : error LNK2019: unresolved external symbol getnameinfo referenced in function main
cmTC_777f1.exe : fatal error LNK1120: 1 unresolved externals
ninja: build stopped: subcommand failed.



Determining if the function gethostbyname_r exists failed with the following output:
Change Dir: C:/Users/JDSherbert/Documents/_Main/Github/Sherbert-Engine/SherbertEngine_Server/enet-1.3.17/out/build/x64-Debug/CMakeFiles/CMakeTmp

Run Build Command(s):C:/Program Files (x86)/Microsoft Visual Studio/2019/Community/Common7/IDE/CommonExtensions/Microsoft/CMake/Ninja/ninja.exe cmTC_57672 && [1/2] Building C object CMakeFiles\cmTC_57672.dir\CheckFunctionExists.c.obj
[2/2] Linking C executable cmTC_57672.exe
FAILED: cmTC_57672.exe 
cmd.exe /C "cd . && "C:\Program Files (x86)\Microsoft Visual Studio\2019\Community\Common7\IDE\CommonExtensions\Microsoft\CMake\CMake\bin\cmake.exe" -E vs_link_exe --intdir=CMakeFiles\cmTC_57672.dir --rc=C:\PROGRA~2\WI3CF2~1\10\bin\100190~1.0\x64\rc.exe --mt=C:\PROGRA~2\WI3CF2~1\10\bin\100190~1.0\x64\mt.exe --manifests  -- C:\PROGRA~2\MICROS~1\2019\COMMUN~1\VC\Tools\MSVC\1429~1.300\bin\Hostx64\x64\link.exe /nologo CMakeFiles\cmTC_57672.dir\CheckFunctionExists.c.obj  /out:cmTC_57672.exe /implib:cmTC_57672.lib /pdb:cmTC_57672.pdb /version:0.0 /machine:x64  /debug /INCREMENTAL /subsystem:console  kernel32.lib user32.lib gdi32.lib winspool.lib shell32.lib ole32.lib oleaut32.lib uuid.lib comdlg32.lib advapi32.lib && cd ."
LINK Pass 1: command "C:\PROGRA~2\MICROS~1\2019\COMMUN~1\VC\Tools\MSVC\1429~1.300\bin\Hostx64\x64\link.exe /nologo CMakeFiles\cmTC_57672.dir\CheckFunctionExists.c.obj /out:cmTC_57672.exe /implib:cmTC_57672.lib /pdb:cmTC_57672.pdb /version:0.0 /machine:x64 /debug /INCREMENTAL /subsystem:console kernel32.lib user32.lib gdi32.lib winspool.lib shell32.lib ole32.lib oleaut32.lib uuid.lib comdlg32.lib advapi32.lib /MANIFEST /MANIFESTFILE:CMakeFiles\cmTC_57672.dir/intermediate.manifest CMakeFiles\cmTC_57672.dir/manifest.res" failed (exit code 1120) with the following output:
CheckFunctionExists.c.obj : error LNK2019: unresolved external symbol gethostbyname_r referenced in function main
cmTC_57672.exe : fatal error LNK1120: 1 unresolved externals
ninja: build stopped: subcommand failed.



Determining if the function gethostbyaddr_r exists failed with the following output:
Change Dir: C:/Users/JDSherbert/Documents/_Main/Github/Sherbert-Engine/SherbertEngine_Server/enet-1.3.17/out/build/x64-Debug/CMakeFiles/CMakeTmp

Run Build Command(s):C:/Program Files (x86)/Microsoft Visual Studio/2019/Community/Common7/IDE/CommonExtensions/Microsoft/CMake/Ninja/ninja.exe cmTC_0d2eb && [1/2] Building C object CMakeFiles\cmTC_0d2eb.dir\CheckFunctionExists.c.obj
[2/2] Linking C executable cmTC_0d2eb.exe
FAILED: cmTC_0d2eb.exe 
cmd.exe /C "cd . && "C:\Program Files (x86)\Microsoft Visual Studio\2019\Community\Common7\IDE\CommonExtensions\Microsoft\CMake\CMake\bin\cmake.exe" -E vs_link_exe --intdir=CMakeFiles\cmTC_0d2eb.dir --rc=C:\PROGRA~2\WI3CF2~1\10\bin\100190~1.0\x64\rc.exe --mt=C:\PROGRA~2\WI3CF2~1\10\bin\100190~1.0\x64\mt.exe --manifests  -- C:\PROGRA~2\MICROS~1\2019\COMMUN~1\VC\Tools\MSVC\1429~1.300\bin\Hostx64\x64\link.exe /nologo CMakeFiles\cmTC_0d2eb.dir\CheckFunctionExists.c.obj  /out:cmTC_0d2eb.exe /implib:cmTC_0d2eb.lib /pdb:cmTC_0d2eb.pdb /version:0.0 /machine:x64  /debug /INCREMENTAL /subsystem:console  kernel32.lib user32.lib gdi32.lib winspool.lib shell32.lib ole32.lib oleaut32.lib uuid.lib comdlg32.lib advapi32.lib && cd ."
LINK Pass 1: command "C:\PROGRA~2\MICROS~1\2019\COMMUN~1\VC\Tools\MSVC\1429~1.300\bin\Hostx64\x64\link.exe /nologo CMakeFiles\cmTC_0d2eb.dir\CheckFunctionExists.c.obj /out:cmTC_0d2eb.exe /implib:cmTC_0d2eb.lib /pdb:cmTC_0d2eb.pdb /version:0.0 /machine:x64 /debug /INCREMENTAL /subsystem:console kernel32.lib user32.lib gdi32.lib winspool.lib shell32.lib ole32.lib oleaut32.lib uuid.lib comdlg32.lib advapi32.lib /MANIFEST /MANIFESTFILE:CMakeFiles\cmTC_0d2eb.dir/intermediate.manifest CMakeFiles\cmTC_0d2eb.dir/manifest.res" failed (exit code 1120) with the following output:
CheckFunctionExists.c.obj : error LNK2019: unresolved external symbol gethostbyaddr_r referenced in function main
cmTC_0d2eb.exe : fatal error LNK1120: 1 unresolved externals
ninja: build stopped: subcommand failed.



Determining if the function inet_pton exists failed with the following output:
Change Dir: C:/Users/JDSherbert/Documents/_Main/Github/Sherbert-Engine/SherbertEngine_Server/enet-1.3.17/out/build/x64-Debug/CMakeFiles/CMakeTmp

Run Build Command(s):C:/Program Files (x86)/Microsoft Visual Studio/2019/Community/Common7/IDE/CommonExtensions/Microsoft/CMake/Ninja/ninja.exe cmTC_6567b && [1/2] Building C object CMakeFiles\cmTC_6567b.dir\CheckFunctionExists.c.obj
[2/2] Linking C executable cmTC_6567b.exe
FAILED: cmTC_6567b.exe 
cmd.exe /C "cd . && "C:\Program Files (x86)\Microsoft Visual Studio\2019\Community\Common7\IDE\CommonExtensions\Microsoft\CMake\CMake\bin\cmake.exe" -E vs_link_exe --intdir=CMakeFiles\cmTC_6567b.dir --rc=C:\PROGRA~2\WI3CF2~1\10\bin\100190~1.0\x64\rc.exe --mt=C:\PROGRA~2\WI3CF2~1\10\bin\100190~1.0\x64\mt.exe --manifests  -- C:\PROGRA~2\MICROS~1\2019\COMMUN~1\VC\Tools\MSVC\1429~1.300\bin\Hostx64\x64\link.exe /nologo CMakeFiles\cmTC_6567b.dir\CheckFunctionExists.c.obj  /out:cmTC_6567b.exe /implib:cmTC_6567b.lib /pdb:cmTC_6567b.pdb /version:0.0 /machine:x64  /debug /INCREMENTAL /subsystem:console  kernel32.lib user32.lib gdi32.lib winspool.lib shell32.lib ole32.lib oleaut32.lib uuid.lib comdlg32.lib advapi32.lib && cd ."
LINK Pass 1: command "C:\PROGRA~2\MICROS~1\2019\COMMUN~1\VC\Tools\MSVC\1429~1.300\bin\Hostx64\x64\link.exe /nologo CMakeFiles\cmTC_6567b.dir\CheckFunctionExists.c.obj /out:cmTC_6567b.exe /implib:cmTC_6567b.lib /pdb:cmTC_6567b.pdb /version:0.0 /machine:x64 /debug /INCREMENTAL /subsystem:console kernel32.lib user32.lib gdi32.lib winspool.lib shell32.lib ole32.lib oleaut32.lib uuid.lib comdlg32.lib advapi32.lib /MANIFEST /MANIFESTFILE:CMakeFiles\cmTC_6567b.dir/intermediate.manifest CMakeFiles\cmTC_6567b.dir/manifest.res" failed (exit code 1120) with the following output:
CheckFunctionExists.c.obj : error LNK2019: unresolved external symbol inet_pton referenced in function main
cmTC_6567b.exe : fatal error LNK1120: 1 unresolved externals
ninja: build stopped: subcommand failed.



Determining if the function inet_ntop exists failed with the following output:
Change Dir: C:/Users/JDSherbert/Documents/_Main/Github/Sherbert-Engine/SherbertEngine_Server/enet-1.3.17/out/build/x64-Debug/CMakeFiles/CMakeTmp

Run Build Command(s):C:/Program Files (x86)/Microsoft Visual Studio/2019/Community/Common7/IDE/CommonExtensions/Microsoft/CMake/Ninja/ninja.exe cmTC_77419 && [1/2] Building C object CMakeFiles\cmTC_77419.dir\CheckFunctionExists.c.obj
[2/2] Linking C executable cmTC_77419.exe
FAILED: cmTC_77419.exe 
cmd.exe /C "cd . && "C:\Program Files (x86)\Microsoft Visual Studio\2019\Community\Common7\IDE\CommonExtensions\Microsoft\CMake\CMake\bin\cmake.exe" -E vs_link_exe --intdir=CMakeFiles\cmTC_77419.dir --rc=C:\PROGRA~2\WI3CF2~1\10\bin\100190~1.0\x64\rc.exe --mt=C:\PROGRA~2\WI3CF2~1\10\bin\100190~1.0\x64\mt.exe --manifests  -- C:\PROGRA~2\MICROS~1\2019\COMMUN~1\VC\Tools\MSVC\1429~1.300\bin\Hostx64\x64\link.exe /nologo CMakeFiles\cmTC_77419.dir\CheckFunctionExists.c.obj  /out:cmTC_77419.exe /implib:cmTC_77419.lib /pdb:cmTC_77419.pdb /version:0.0 /machine:x64  /debug /INCREMENTAL /subsystem:console  kernel32.lib user32.lib gdi32.lib winspool.lib shell32.lib ole32.lib oleaut32.lib uuid.lib comdlg32.lib advapi32.lib && cd ."
LINK Pass 1: command "C:\PROGRA~2\MICROS~1\2019\COMMUN~1\VC\Tools\MSVC\1429~1.300\bin\Hostx64\x64\link.exe /nologo CMakeFiles\cmTC_77419.dir\CheckFunctionExists.c.obj /out:cmTC_77419.exe /implib:cmTC_77419.lib /pdb:cmTC_77419.pdb /version:0.0 /machine:x64 /debug /INCREMENTAL /subsystem:console kernel32.lib user32.lib gdi32.lib winspool.lib shell32.lib ole32.lib oleaut32.lib uuid.lib comdlg32.lib advapi32.lib /MANIFEST /MANIFESTFILE:CMakeFiles\cmTC_77419.dir/intermediate.manifest CMakeFiles\cmTC_77419.dir/manifest.res" failed (exit code 1120) with the following output:
CheckFunctionExists.c.obj : error LNK2019: unresolved external symbol inet_ntop referenced in function main
cmTC_77419.exe : fatal error LNK1120: 1 unresolved externals
ninja: build stopped: subcommand failed.



Performing C SOURCE FILE Test HAS_MSGHDR_FLAGS failed with the following output:
Change Dir: C:/Users/JDSherbert/Documents/_Main/Github/Sherbert-Engine/SherbertEngine_Server/enet-1.3.17/out/build/x64-Debug/CMakeFiles/CMakeTmp

Run Build Command(s):C:/Program Files (x86)/Microsoft Visual Studio/2019/Community/Common7/IDE/CommonExtensions/Microsoft/CMake/Ninja/ninja.exe cmTC_10e0e && [1/2] Building C object CMakeFiles\cmTC_10e0e.dir\src.c.obj
FAILED: CMakeFiles/cmTC_10e0e.dir/src.c.obj 
C:\PROGRA~2\MICROS~1\2019\COMMUN~1\VC\Tools\MSVC\1429~1.300\bin\Hostx64\x64\cl.exe  /nologo -DHAS_MSGHDR_FLAGS  /DWIN32 /D_WINDOWS /W3  /MDd /Zi /Ob0 /Od /RTC1 /showIncludes /FoCMakeFiles\cmTC_10e0e.dir\src.c.obj /FdCMakeFiles\cmTC_10e0e.dir\ /FS -c src.c
src.c(3): fatal error C1083: Cannot open include file: 'sys/socket.h': No such file or directory
ninja: build stopped: subcommand failed.


Source file was:

#include <sys/types.h>
#include <sys/socket.h>

int main()
{
  (void)sizeof(((struct msghdr *)0)->msg_flags);
  return 0;
}

Determining size of socklen_t failed with the following output:
Change Dir: C:/Users/JDSherbert/Documents/_Main/Github/Sherbert-Engine/SherbertEngine_Server/enet-1.3.17/out/build/x64-Debug/CMakeFiles/CMakeTmp

Run Build Command(s):C:/Program Files (x86)/Microsoft Visual Studio/2019/Community/Common7/IDE/CommonExtensions/Microsoft/CMake/Ninja/ninja.exe cmTC_f59a1 && [1/2] Building C object CMakeFiles\cmTC_f59a1.dir\HAS_SOCKLEN_T.c.obj
FAILED: CMakeFiles/cmTC_f59a1.dir/HAS_SOCKLEN_T.c.obj 
C:\PROGRA~2\MICROS~1\2019\COMMUN~1\VC\Tools\MSVC\1429~1.300\bin\Hostx64\x64\cl.exe  /nologo   /DWIN32 /D_WINDOWS /W3  /MDd /Zi /Ob0 /Od /RTC1 /showIncludes /FoCMakeFiles\cmTC_f59a1.dir\HAS_SOCKLEN_T.c.obj /FdCMakeFiles\cmTC_f59a1.dir\ /FS -c C:\Users\JDSherbert\Documents\_Main\Github\Sherbert-Engine\SherbertEngine_Server\enet-1.3.17\out\build\x64-Debug\CMakeFiles\CheckTypeSize\HAS_SOCKLEN_T.c
C:\Users\JDSherbert\Documents\_Main\Github\Sherbert-Engine\SherbertEngine_Server\enet-1.3.17\out\build\x64-Debug\CMakeFiles\CheckTypeSize\HAS_SOCKLEN_T.c(2): fatal error C1083: Cannot open include file: 'sys/socket.h': No such file or directory
ninja: build stopped: subcommand failed.


C:/Users/JDSherbert/Documents/_Main/Github/Sherbert-Engine/SherbertEngine_Server/enet-1.3.17/out/build/x64-Debug/CMakeFiles/CheckTypeSize/HAS_SOCKLEN_T.c:
#include "sys/types.h"
#include "sys/socket.h"


#undef KEY
#if defined(__i386)
# define KEY '_','_','i','3','8','6'
#elif defined(__x86_64)
# define KEY '_','_','x','8','6','_','6','4'
#elif defined(__PPC64__)
# define KEY '_','_','P','P','C','6','4','_','_'
#elif defined(__ppc64__)
# define KEY '_','_','p','p','c','6','4','_','_'
#elif defined(__PPC__)
# define KEY '_','_','P','P','C','_','_'
#elif defined(__ppc__)
# define KEY '_','_','p','p','c','_','_'
#elif defined(__aarch64__)
# define KEY '_','_','a','a','r','c','h','6','4','_','_'
#elif defined(__ARM_ARCH_7A__)
# define KEY '_','_','A','R','M','_','A','R','C','H','_','7','A','_','_'
#elif defined(__ARM_ARCH_7S__)
# define KEY '_','_','A','R','M','_','A','R','C','H','_','7','S','_','_'
#endif

#define SIZE (sizeof(socklen_t))
static char info_size[] =  {'I', 'N', 'F', 'O', ':', 's','i','z','e','[',
  ('0' + ((SIZE / 10000)%10)),
  ('0' + ((SIZE / 1000)%10)),
  ('0' + ((SIZE / 100)%10)),
  ('0' + ((SIZE / 10)%10)),
  ('0' +  (SIZE    % 10)),
  ']',
#ifdef KEY
  ' ','k','e','y','[', KEY, ']',
#endif
  '\0'};

#ifdef __CLASSIC_C__
int main(argc, argv) int argc; char *argv[];
#else
int main(int argc, char *argv[])
#endif
{
  int require = 0;
  require += info_size[argc];
  (void)argv;
  return require;
}


